0 info it worked if it ends with ok
1 verbose cli [ 'C:\\Program Files\\nodejs\\node.exe',
1 verbose cli   'C:\\Program Files\\nodejs\\node_modules\\npm\\bin\\npm-cli.js',
1 verbose cli   'install',
1 verbose cli   'ngcordova' ]
2 info using npm@2.14.12
3 info using node@v4.2.4
4 verbose install initial load of D:\presupuesto\package.json
5 warn package.json presupuesto@1.1.1 No repository field.
6 warn package.json presupuesto@1.1.1 No README data
7 warn package.json presupuesto@1.1.1 No license field.
8 verbose installManyTop reading scoped package data from D:\presupuesto\node_modules\angular-chart.js\package.json
9 verbose installManyTop reading scoped package data from D:\presupuesto\node_modules\chart.js\package.json
10 info package.json chart.js@1.0.2 No license field.
11 verbose readDependencies loading dependencies from D:\presupuesto\package.json
12 silly cache add args [ 'ngcordova', null ]
13 verbose cache add spec ngcordova
14 silly cache add parsed spec Result {
14 silly cache add   raw: 'ngcordova',
14 silly cache add   scope: null,
14 silly cache add   name: 'ngcordova',
14 silly cache add   rawSpec: '',
14 silly cache add   spec: 'latest',
14 silly cache add   type: 'tag' }
15 silly addNamed ngcordova@latest
16 verbose addNamed "latest" is being treated as a dist-tag for ngcordova
17 info addNameTag [ 'ngcordova', 'latest' ]
18 silly mapToRegistry name ngcordova
19 silly mapToRegistry using default registry
20 silly mapToRegistry registry https://registry.npmjs.org/
21 silly mapToRegistry uri https://registry.npmjs.org/ngcordova
22 verbose addNameTag registry:https://registry.npmjs.org/ngcordova not in flight; fetching
23 verbose request uri https://registry.npmjs.org/ngcordova
24 verbose request no auth needed
25 info attempt registry request try #1 at 13:18:26
26 verbose request id 38fab0bba5e2c98e
27 http request GET https://registry.npmjs.org/ngcordova
28 http 404 https://registry.npmjs.org/ngcordova
29 verbose headers { 'content-type': 'application/json',
29 verbose headers   'cache-control': 'max-age=0',
29 verbose headers   'content-length': '2',
29 verbose headers   'accept-ranges': 'bytes',
29 verbose headers   date: 'Tue, 19 Jan 2016 18:18:37 GMT',
29 verbose headers   via: '1.1 varnish',
29 verbose headers   age: '0',
29 verbose headers   connection: 'keep-alive',
29 verbose headers   'x-served-by': 'cache-jfk1032-JFK',
29 verbose headers   'x-cache': 'MISS',
29 verbose headers   'x-cache-hits': '0',
29 verbose headers   'x-timer': 'S1453227517.467810,VS0,VE88' }
30 silly get cb [ 404,
30 silly get   { 'content-type': 'application/json',
30 silly get     'cache-control': 'max-age=0',
30 silly get     'content-length': '2',
30 silly get     'accept-ranges': 'bytes',
30 silly get     date: 'Tue, 19 Jan 2016 18:18:37 GMT',
30 silly get     via: '1.1 varnish',
30 silly get     age: '0',
30 silly get     connection: 'keep-alive',
30 silly get     'x-served-by': 'cache-jfk1032-JFK',
30 silly get     'x-cache': 'MISS',
30 silly get     'x-cache-hits': '0',
30 silly get     'x-timer': 'S1453227517.467810,VS0,VE88' } ]
31 verbose stack Error: Registry returned 404 for GET on https://registry.npmjs.org/ngcordova
31 verbose stack     at makeError (C:\Program Files\nodejs\node_modules\npm\node_modules\npm-registry-client\lib\request.js:264:12)
31 verbose stack     at CachingRegistryClient.<anonymous> (C:\Program Files\nodejs\node_modules\npm\node_modules\npm-registry-client\lib\request.js:242:14)
31 verbose stack     at Request._callback (C:\Program Files\nodejs\node_modules\npm\node_modules\npm-registry-client\lib\request.js:172:14)
31 verbose stack     at Request.self.callback (C:\Program Files\nodejs\node_modules\npm\node_modules\request\request.js:198:22)
31 verbose stack     at emitTwo (events.js:87:13)
31 verbose stack     at Request.emit (events.js:172:7)
31 verbose stack     at Request.<anonymous> (C:\Program Files\nodejs\node_modules\npm\node_modules\request\request.js:1082:10)
31 verbose stack     at emitOne (events.js:82:20)
31 verbose stack     at Request.emit (events.js:169:7)
31 verbose stack     at IncomingMessage.<anonymous> (C:\Program Files\nodejs\node_modules\npm\node_modules\request\request.js:1009:12)
32 verbose statusCode 404
33 verbose pkgid ngcordova
34 verbose cwd D:\presupuesto
35 error Windows_NT 6.1.7601
36 error argv "C:\\Program Files\\nodejs\\node.exe" "C:\\Program Files\\nodejs\\node_modules\\npm\\bin\\npm-cli.js" "install" "ngcordova"
37 error node v4.2.4
38 error npm  v2.14.12
39 error code E404
40 error 404 Registry returned 404 for GET on https://registry.npmjs.org/ngcordova
40 error 404
40 error 404 'ngcordova' is not in the npm registry.
40 error 404 You should bug the author to publish it (or use the name yourself!)
40 error 404 It was specified as a dependency of 'presupuesto'
40 error 404
40 error 404 Note that you can also install from a
40 error 404 tarball, folder, http url, or git url.
41 verbose exit [ 1, true ]
