0 info it worked if it ends with ok
1 verbose cli [ 'C:\\Program Files\\nodejs\\node.exe',
1 verbose cli   'C:\\Program Files\\nodejs\\node_modules\\npm\\bin\\npm-cli.js',
1 verbose cli   'install',
1 verbose cli   'ngcordova' ]
2 info using npm@2.14.12
3 info using node@v4.2.4
4 verbose install initial load of D:\Ionic\ionic_bd\package.json
5 warn package.json ionic_bd@1.1.1 No repository field.
6 warn package.json ionic_bd@1.1.1 No README data
7 warn package.json ionic_bd@1.1.1 No license field.
8 verbose readDependencies loading dependencies from D:\Ionic\ionic_bd\package.json
9 silly cache add args [ 'ngcordova', null ]
10 verbose cache add spec ngcordova
11 silly cache add parsed spec Result {
11 silly cache add   raw: 'ngcordova',
11 silly cache add   scope: null,
11 silly cache add   name: 'ngcordova',
11 silly cache add   rawSpec: '',
11 silly cache add   spec: 'latest',
11 silly cache add   type: 'tag' }
12 silly addNamed ngcordova@latest
13 verbose addNamed "latest" is being treated as a dist-tag for ngcordova
14 info addNameTag [ 'ngcordova', 'latest' ]
15 silly mapToRegistry name ngcordova
16 silly mapToRegistry using default registry
17 silly mapToRegistry registry https://registry.npmjs.org/
18 silly mapToRegistry uri https://registry.npmjs.org/ngcordova
19 verbose addNameTag registry:https://registry.npmjs.org/ngcordova not in flight; fetching
20 verbose request uri https://registry.npmjs.org/ngcordova
21 verbose request no auth needed
22 info attempt registry request try #1 at 20:47:58
23 verbose request id 48f65de3b7615250
24 http request GET https://registry.npmjs.org/ngcordova
25 http 404 https://registry.npmjs.org/ngcordova
26 verbose headers { 'content-type': 'application/json',
26 verbose headers   'cache-control': 'max-age=0',
26 verbose headers   'content-length': '2',
26 verbose headers   'accept-ranges': 'bytes',
26 verbose headers   date: 'Sat, 23 Jan 2016 01:47:27 GMT',
26 verbose headers   via: '1.1 varnish',
26 verbose headers   age: '0',
26 verbose headers   connection: 'keep-alive',
26 verbose headers   'x-served-by': 'cache-atl6223-ATL',
26 verbose headers   'x-cache': 'MISS',
26 verbose headers   'x-cache-hits': '0',
26 verbose headers   'x-timer': 'S1453513646.622827,VS0,VE389' }
27 silly get cb [ 404,
27 silly get   { 'content-type': 'application/json',
27 silly get     'cache-control': 'max-age=0',
27 silly get     'content-length': '2',
27 silly get     'accept-ranges': 'bytes',
27 silly get     date: 'Sat, 23 Jan 2016 01:47:27 GMT',
27 silly get     via: '1.1 varnish',
27 silly get     age: '0',
27 silly get     connection: 'keep-alive',
27 silly get     'x-served-by': 'cache-atl6223-ATL',
27 silly get     'x-cache': 'MISS',
27 silly get     'x-cache-hits': '0',
27 silly get     'x-timer': 'S1453513646.622827,VS0,VE389' } ]
28 verbose stack Error: Registry returned 404 for GET on https://registry.npmjs.org/ngcordova
28 verbose stack     at makeError (C:\Program Files\nodejs\node_modules\npm\node_modules\npm-registry-client\lib\request.js:264:12)
28 verbose stack     at CachingRegistryClient.<anonymous> (C:\Program Files\nodejs\node_modules\npm\node_modules\npm-registry-client\lib\request.js:242:14)
28 verbose stack     at Request._callback (C:\Program Files\nodejs\node_modules\npm\node_modules\npm-registry-client\lib\request.js:172:14)
28 verbose stack     at Request.self.callback (C:\Program Files\nodejs\node_modules\npm\node_modules\request\request.js:198:22)
28 verbose stack     at emitTwo (events.js:87:13)
28 verbose stack     at Request.emit (events.js:172:7)
28 verbose stack     at Request.<anonymous> (C:\Program Files\nodejs\node_modules\npm\node_modules\request\request.js:1082:10)
28 verbose stack     at emitOne (events.js:82:20)
28 verbose stack     at Request.emit (events.js:169:7)
28 verbose stack     at IncomingMessage.<anonymous> (C:\Program Files\nodejs\node_modules\npm\node_modules\request\request.js:1009:12)
29 verbose statusCode 404
30 verbose pkgid ngcordova
31 verbose cwd D:\Ionic\ionic_bd
32 error Windows_NT 6.1.7601
33 error argv "C:\\Program Files\\nodejs\\node.exe" "C:\\Program Files\\nodejs\\node_modules\\npm\\bin\\npm-cli.js" "install" "ngcordova"
34 error node v4.2.4
35 error npm  v2.14.12
36 error code E404
37 error 404 Registry returned 404 for GET on https://registry.npmjs.org/ngcordova
37 error 404
37 error 404 'ngcordova' is not in the npm registry.
37 error 404 You should bug the author to publish it (or use the name yourself!)
37 error 404 It was specified as a dependency of 'ionic_bd'
37 error 404
37 error 404 Note that you can also install from a
37 error 404 tarball, folder, http url, or git url.
38 verbose exit [ 1, true ]
